ERROR - 2024-06-06 10:55:42 --> mysqli_sql_exception: Duplicate column name 'slug' in C:\xampp\htdocs\ci-news\vendor\codeigniter4\framework\system\Database\MySQLi\Connection.php:308
Stack trace:
#0 C:\xampp\htdocs\ci-news\vendor\codeigniter4\framework\system\Database\MySQLi\Connection.php(308): mysqli->query()
#1 C:\xampp\htdocs\ci-news\vendor\codeigniter4\framework\system\Database\BaseConnection.php(722): CodeIgniter\Database\MySQLi\Connection->execute()
#2 C:\xampp\htdocs\ci-news\vendor\codeigniter4\framework\system\Database\BaseConnection.php(636): CodeIgniter\Database\BaseConnection->simpleQuery()
#3 C:\xampp\htdocs\ci-news\vendor\codeigniter4\framework\system\Database\Forge.php(772): CodeIgniter\Database\BaseConnection->query()
#4 C:\xampp\htdocs\ci-news\app\Database\Migrations\2024-04-29-140322_AlterNews.php(9): CodeIgniter\Database\Forge->addColumn()
#5 C:\xampp\htdocs\ci-news\vendor\codeigniter4\framework\system\Database\MigrationRunner.php(867): App\Database\Migrations\AlterNews->up()
#6 C:\xampp\htdocs\ci-news\vendor\codeigniter4\framework\system\Database\MigrationRunner.php(183): CodeIgniter\Database\MigrationRunner->migrate()
#7 C:\xampp\htdocs\ci-news\vendor\codeigniter4\framework\system\Commands\Database\Migrate.php(85): CodeIgniter\Database\MigrationRunner->latest()
#8 C:\xampp\htdocs\ci-news\vendor\codeigniter4\framework\system\CLI\Commands.php(70): CodeIgniter\Commands\Database\Migrate->run()
#9 C:\xampp\htdocs\ci-news\vendor\codeigniter4\framework\system\CLI\Console.php(48): CodeIgniter\CLI\Commands->run()
#10 C:\xampp\htdocs\ci-news\vendor\codeigniter4\framework\system\Boot.php(338): CodeIgniter\CLI\Console->run()
#11 C:\xampp\htdocs\ci-news\vendor\codeigniter4\framework\system\Boot.php(104): CodeIgniter\Boot::runCommand()
#12 C:\xampp\htdocs\ci-news\spark(84): CodeIgniter\Boot::bootSpark()
#13 {main}
ERROR - 2024-06-06 10:58:53 --> mysqli_sql_exception: Duplicate column name 'slug' in C:\xampp\htdocs\ci-news\vendor\codeigniter4\framework\system\Database\MySQLi\Connection.php:308
Stack trace:
#0 C:\xampp\htdocs\ci-news\vendor\codeigniter4\framework\system\Database\MySQLi\Connection.php(308): mysqli->query()
#1 C:\xampp\htdocs\ci-news\vendor\codeigniter4\framework\system\Database\BaseConnection.php(722): CodeIgniter\Database\MySQLi\Connection->execute()
#2 C:\xampp\htdocs\ci-news\vendor\codeigniter4\framework\system\Database\BaseConnection.php(636): CodeIgniter\Database\BaseConnection->simpleQuery()
#3 C:\xampp\htdocs\ci-news\vendor\codeigniter4\framework\system\Database\Forge.php(772): CodeIgniter\Database\BaseConnection->query()
#4 C:\xampp\htdocs\ci-news\app\Database\Migrations\2024-04-29-140322_AlterNews.php(9): CodeIgniter\Database\Forge->addColumn()
#5 C:\xampp\htdocs\ci-news\vendor\codeigniter4\framework\system\Database\MigrationRunner.php(867): App\Database\Migrations\AlterNews->up()
#6 C:\xampp\htdocs\ci-news\vendor\codeigniter4\framework\system\Database\MigrationRunner.php(183): CodeIgniter\Database\MigrationRunner->migrate()
#7 C:\xampp\htdocs\ci-news\vendor\codeigniter4\framework\system\Commands\Database\Migrate.php(85): CodeIgniter\Database\MigrationRunner->latest()
#8 C:\xampp\htdocs\ci-news\vendor\codeigniter4\framework\system\CLI\Commands.php(70): CodeIgniter\Commands\Database\Migrate->run()
#9 C:\xampp\htdocs\ci-news\vendor\codeigniter4\framework\system\CLI\Console.php(48): CodeIgniter\CLI\Commands->run()
#10 C:\xampp\htdocs\ci-news\vendor\codeigniter4\framework\system\Boot.php(338): CodeIgniter\CLI\Console->run()
#11 C:\xampp\htdocs\ci-news\vendor\codeigniter4\framework\system\Boot.php(104): CodeIgniter\Boot::runCommand()
#12 C:\xampp\htdocs\ci-news\spark(84): CodeIgniter\Boot::bootSpark()
#13 {main}
