CRITICAL - 2024-04-29 08:18:08 --> ErrorException: Undefined variable $newses
[Method: GET, Route: news]
in APPPATH\Views\news.php on line 6.
 1 APPPATH\Views\news.php(6): CodeIgniter\Debug\Exceptions->errorHandler()
 2 SYSTEMPATH\View\View.php(234): include('C:\\xampp\\htdocs\\ci-news\\app\\Views\\news.php')
 3 SYSTEMPATH\View\View.php(237): CodeIgniter\View\View->CodeIgniter\View\{closure}()
 4 SYSTEMPATH\Common.php(1171): CodeIgniter\View\View->render()
 5 APPPATH\Controllers\news.php(7): view()
 6 SYSTEMPATH\CodeIgniter.php(933): App\Controllers\News->index()
 7 SYSTEMPATH\CodeIgniter.php(509): CodeIgniter\CodeIgniter->runController()
 8 SYSTEMPATH\CodeIgniter.php(355): CodeIgniter\CodeIgniter->handleRequest()
 9 SYSTEMPATH\Boot.php(312): CodeIgniter\CodeIgniter->run()
10 SYSTEMPATH\Boot.php(67): CodeIgniter\Boot::runCodeIgniter()
11 FCPATH\index.php(56): CodeIgniter\Boot::bootWeb()
12 SYSTEMPATH\Commands\Server\rewrite.php(49): require_once('C:\\xampp\\htdocs\\ci-news\\public\\index.php')
CRITICAL - 2024-04-29 08:20:42 --> ErrorException: Undefined variable $newses
[Method: GET, Route: news]
in APPPATH\Views\news.php on line 6.
 1 APPPATH\Views\news.php(6): CodeIgniter\Debug\Exceptions->errorHandler()
 2 SYSTEMPATH\View\View.php(234): include('C:\\xampp\\htdocs\\ci-news\\app\\Views\\news.php')
 3 SYSTEMPATH\View\View.php(237): CodeIgniter\View\View->CodeIgniter\View\{closure}()
 4 SYSTEMPATH\Common.php(1171): CodeIgniter\View\View->render()
 5 APPPATH\Controllers\news.php(7): view()
 6 SYSTEMPATH\CodeIgniter.php(933): App\Controllers\News->index()
 7 SYSTEMPATH\CodeIgniter.php(509): CodeIgniter\CodeIgniter->runController()
 8 SYSTEMPATH\CodeIgniter.php(355): CodeIgniter\CodeIgniter->handleRequest()
 9 SYSTEMPATH\Boot.php(312): CodeIgniter\CodeIgniter->run()
10 SYSTEMPATH\Boot.php(67): CodeIgniter\Boot::runCodeIgniter()
11 FCPATH\index.php(56): CodeIgniter\Boot::bootWeb()
12 SYSTEMPATH\Commands\Server\rewrite.php(49): require_once('C:\\xampp\\htdocs\\ci-news\\public\\index.php')
CRITICAL - 2024-04-29 08:22:37 --> ErrorException: Undefined variable $newses
[Method: GET, Route: news]
in APPPATH\Views\news.php on line 6.
 1 APPPATH\Views\news.php(6): CodeIgniter\Debug\Exceptions->errorHandler()
 2 SYSTEMPATH\View\View.php(234): include('C:\\xampp\\htdocs\\ci-news\\app\\Views\\news.php')
 3 SYSTEMPATH\View\View.php(237): CodeIgniter\View\View->CodeIgniter\View\{closure}()
 4 SYSTEMPATH\Common.php(1171): CodeIgniter\View\View->render()
 5 APPPATH\Controllers\news.php(7): view()
 6 SYSTEMPATH\CodeIgniter.php(933): App\Controllers\News->index()
 7 SYSTEMPATH\CodeIgniter.php(509): CodeIgniter\CodeIgniter->runController()
 8 SYSTEMPATH\CodeIgniter.php(355): CodeIgniter\CodeIgniter->handleRequest()
 9 SYSTEMPATH\Boot.php(312): CodeIgniter\CodeIgniter->run()
10 SYSTEMPATH\Boot.php(67): CodeIgniter\Boot::runCodeIgniter()
11 FCPATH\index.php(56): CodeIgniter\Boot::bootWeb()
12 SYSTEMPATH\Commands\Server\rewrite.php(49): require_once('C:\\xampp\\htdocs\\ci-news\\public\\index.php')
CRITICAL - 2024-04-29 08:41:44 --> ErrorException: Undefined variable $newses
[Method: GET, Route: news]
in APPPATH\Views\news.php on line 6.
 1 APPPATH\Views\news.php(6): CodeIgniter\Debug\Exceptions->errorHandler()
 2 SYSTEMPATH\View\View.php(234): include('C:\\xampp\\htdocs\\ci-news\\app\\Views\\news.php')
 3 SYSTEMPATH\View\View.php(237): CodeIgniter\View\View->CodeIgniter\View\{closure}()
 4 SYSTEMPATH\Common.php(1171): CodeIgniter\View\View->render()
 5 APPPATH\Controllers\news.php(7): view()
 6 SYSTEMPATH\CodeIgniter.php(933): App\Controllers\News->index()
 7 SYSTEMPATH\CodeIgniter.php(509): CodeIgniter\CodeIgniter->runController()
 8 SYSTEMPATH\CodeIgniter.php(355): CodeIgniter\CodeIgniter->handleRequest()
 9 SYSTEMPATH\Boot.php(312): CodeIgniter\CodeIgniter->run()
10 SYSTEMPATH\Boot.php(67): CodeIgniter\Boot::runCodeIgniter()
11 FCPATH\index.php(56): CodeIgniter\Boot::bootWeb()
12 SYSTEMPATH\Commands\Server\rewrite.php(49): require_once('C:\\xampp\\htdocs\\ci-news\\public\\index.php')
CRITICAL - 2024-04-29 08:42:03 --> ErrorException: Undefined variable $newses
[Method: GET, Route: news]
in APPPATH\Views\news.php on line 6.
 1 APPPATH\Views\news.php(6): CodeIgniter\Debug\Exceptions->errorHandler()
 2 SYSTEMPATH\View\View.php(234): include('C:\\xampp\\htdocs\\ci-news\\app\\Views\\news.php')
 3 SYSTEMPATH\View\View.php(237): CodeIgniter\View\View->CodeIgniter\View\{closure}()
 4 SYSTEMPATH\Common.php(1171): CodeIgniter\View\View->render()
 5 APPPATH\Controllers\news.php(7): view()
 6 SYSTEMPATH\CodeIgniter.php(933): App\Controllers\News->index()
 7 SYSTEMPATH\CodeIgniter.php(509): CodeIgniter\CodeIgniter->runController()
 8 SYSTEMPATH\CodeIgniter.php(355): CodeIgniter\CodeIgniter->handleRequest()
 9 SYSTEMPATH\Boot.php(312): CodeIgniter\CodeIgniter->run()
10 SYSTEMPATH\Boot.php(67): CodeIgniter\Boot::runCodeIgniter()
11 FCPATH\index.php(56): CodeIgniter\Boot::bootWeb()
12 SYSTEMPATH\Commands\Server\rewrite.php(49): require_once('C:\\xampp\\htdocs\\ci-news\\public\\index.php')
CRITICAL - 2024-04-29 08:46:04 --> ErrorException: Undefined variable $newses
[Method: GET, Route: news]
in APPPATH\Views\news.php on line 6.
 1 APPPATH\Views\news.php(6): CodeIgniter\Debug\Exceptions->errorHandler()
 2 SYSTEMPATH\View\View.php(234): include('C:\\xampp\\htdocs\\ci-news\\app\\Views\\news.php')
 3 SYSTEMPATH\View\View.php(237): CodeIgniter\View\View->CodeIgniter\View\{closure}()
 4 SYSTEMPATH\Common.php(1171): CodeIgniter\View\View->render()
 5 APPPATH\Controllers\news.php(7): view()
 6 SYSTEMPATH\CodeIgniter.php(933): App\Controllers\News->index()
 7 SYSTEMPATH\CodeIgniter.php(509): CodeIgniter\CodeIgniter->runController()
 8 SYSTEMPATH\CodeIgniter.php(355): CodeIgniter\CodeIgniter->handleRequest()
 9 SYSTEMPATH\Boot.php(312): CodeIgniter\CodeIgniter->run()
10 SYSTEMPATH\Boot.php(67): CodeIgniter\Boot::runCodeIgniter()
11 FCPATH\index.php(56): CodeIgniter\Boot::bootWeb()
12 SYSTEMPATH\Commands\Server\rewrite.php(49): require_once('C:\\xampp\\htdocs\\ci-news\\public\\index.php')
CRITICAL - 2024-04-29 08:50:45 --> ErrorException: Undefined variable $newses
[Method: GET, Route: news]
in APPPATH\Views\news.php on line 6.
 1 APPPATH\Views\news.php(6): CodeIgniter\Debug\Exceptions->errorHandler()
 2 SYSTEMPATH\View\View.php(234): include('C:\\xampp\\htdocs\\ci-news\\app\\Views\\news.php')
 3 SYSTEMPATH\View\View.php(237): CodeIgniter\View\View->CodeIgniter\View\{closure}()
 4 SYSTEMPATH\Common.php(1171): CodeIgniter\View\View->render()
 5 APPPATH\Controllers\news.php(7): view()
 6 SYSTEMPATH\CodeIgniter.php(933): App\Controllers\News->index()
 7 SYSTEMPATH\CodeIgniter.php(509): CodeIgniter\CodeIgniter->runController()
 8 SYSTEMPATH\CodeIgniter.php(355): CodeIgniter\CodeIgniter->handleRequest()
 9 SYSTEMPATH\Boot.php(312): CodeIgniter\CodeIgniter->run()
10 SYSTEMPATH\Boot.php(67): CodeIgniter\Boot::runCodeIgniter()
11 FCPATH\index.php(56): CodeIgniter\Boot::bootWeb()
12 SYSTEMPATH\Commands\Server\rewrite.php(49): require_once('C:\\xampp\\htdocs\\ci-news\\public\\index.php')
CRITICAL - 2024-04-29 08:51:31 --> ErrorException: Undefined variable $newses
[Method: GET, Route: news]
in APPPATH\Views\news.php on line 6.
 1 APPPATH\Views\news.php(6): CodeIgniter\Debug\Exceptions->errorHandler()
 2 SYSTEMPATH\View\View.php(234): include('C:\\xampp\\htdocs\\ci-news\\app\\Views\\news.php')
 3 SYSTEMPATH\View\View.php(237): CodeIgniter\View\View->CodeIgniter\View\{closure}()
 4 SYSTEMPATH\Common.php(1171): CodeIgniter\View\View->render()
 5 APPPATH\Controllers\news.php(7): view()
 6 SYSTEMPATH\CodeIgniter.php(933): App\Controllers\News->index()
 7 SYSTEMPATH\CodeIgniter.php(509): CodeIgniter\CodeIgniter->runController()
 8 SYSTEMPATH\CodeIgniter.php(355): CodeIgniter\CodeIgniter->handleRequest()
 9 SYSTEMPATH\Boot.php(312): CodeIgniter\CodeIgniter->run()
10 SYSTEMPATH\Boot.php(67): CodeIgniter\Boot::runCodeIgniter()
11 FCPATH\index.php(56): CodeIgniter\Boot::bootWeb()
12 SYSTEMPATH\Commands\Server\rewrite.php(49): require_once('C:\\xampp\\htdocs\\ci-news\\public\\index.php')
CRITICAL - 2024-04-29 08:55:46 --> ErrorException: Undefined variable $newses
[Method: GET, Route: news]
in APPPATH\Views\news.php on line 6.
 1 APPPATH\Views\news.php(6): CodeIgniter\Debug\Exceptions->errorHandler()
 2 SYSTEMPATH\View\View.php(234): include('C:\\xampp\\htdocs\\ci-news\\app\\Views\\news.php')
 3 SYSTEMPATH\View\View.php(237): CodeIgniter\View\View->CodeIgniter\View\{closure}()
 4 SYSTEMPATH\Common.php(1171): CodeIgniter\View\View->render()
 5 APPPATH\Controllers\news.php(7): view()
 6 SYSTEMPATH\CodeIgniter.php(933): App\Controllers\News->index()
 7 SYSTEMPATH\CodeIgniter.php(509): CodeIgniter\CodeIgniter->runController()
 8 SYSTEMPATH\CodeIgniter.php(355): CodeIgniter\CodeIgniter->handleRequest()
 9 SYSTEMPATH\Boot.php(312): CodeIgniter\CodeIgniter->run()
10 SYSTEMPATH\Boot.php(67): CodeIgniter\Boot::runCodeIgniter()
11 FCPATH\index.php(56): CodeIgniter\Boot::bootWeb()
12 SYSTEMPATH\Commands\Server\rewrite.php(49): require_once('C:\\xampp\\htdocs\\ci-news\\public\\index.php')
CRITICAL - 2024-04-29 13:32:50 --> ErrorException: Undefined array key "created_at"
[Method: GET, Route: admin/news]
in APPPATH\Views\admin_list_news.php on line 20.
 1 APPPATH\Views\admin_list_news.php(20): CodeIgniter\Debug\Exceptions->errorHandler()
 2 SYSTEMPATH\View\View.php(234): include('C:\\xampp\\htdocs\\ci-news\\app\\Views\\admin_list_news.php')
 3 SYSTEMPATH\View\View.php(237): CodeIgniter\View\View->CodeIgniter\View\{closure}()
 4 SYSTEMPATH\Common.php(1171): CodeIgniter\View\View->render()
 5 APPPATH\Controllers\NewsAdmin.php(12): view()
 6 SYSTEMPATH\CodeIgniter.php(933): App\Controllers\NewsAdmin->index()
 7 SYSTEMPATH\CodeIgniter.php(509): CodeIgniter\CodeIgniter->runController()
 8 SYSTEMPATH\CodeIgniter.php(355): CodeIgniter\CodeIgniter->handleRequest()
 9 SYSTEMPATH\Boot.php(312): CodeIgniter\CodeIgniter->run()
10 SYSTEMPATH\Boot.php(67): CodeIgniter\Boot::runCodeIgniter()
11 FCPATH\index.php(56): CodeIgniter\Boot::bootWeb()
12 SYSTEMPATH\Commands\Server\rewrite.php(49): require_once('C:\\xampp\\htdocs\\ci-news\\public\\index.php')
CRITICAL - 2024-04-29 13:48:23 --> ErrorException: Undefined array key "created_at"
[Method: GET, Route: admin/news]
in APPPATH\Views\admin_list_news.php on line 20.
 1 APPPATH\Views\admin_list_news.php(20): CodeIgniter\Debug\Exceptions->errorHandler()
 2 SYSTEMPATH\View\View.php(234): include('C:\\xampp\\htdocs\\ci-news\\app\\Views\\admin_list_news.php')
 3 SYSTEMPATH\View\View.php(237): CodeIgniter\View\View->CodeIgniter\View\{closure}()
 4 SYSTEMPATH\Common.php(1171): CodeIgniter\View\View->render()
 5 APPPATH\Controllers\NewsAdmin.php(12): view()
 6 SYSTEMPATH\CodeIgniter.php(933): App\Controllers\NewsAdmin->index()
 7 SYSTEMPATH\CodeIgniter.php(509): CodeIgniter\CodeIgniter->runController()
 8 SYSTEMPATH\CodeIgniter.php(355): CodeIgniter\CodeIgniter->handleRequest()
 9 SYSTEMPATH\Boot.php(312): CodeIgniter\CodeIgniter->run()
10 SYSTEMPATH\Boot.php(67): CodeIgniter\Boot::runCodeIgniter()
11 FCPATH\index.php(56): CodeIgniter\Boot::bootWeb()
12 SYSTEMPATH\Commands\Server\rewrite.php(49): require_once('C:\\xampp\\htdocs\\ci-news\\public\\index.php')
CRITICAL - 2024-04-29 13:54:34 --> ErrorException: Undefined variable $newses
[Method: GET, Route: news]
in APPPATH\Views\news.php on line 6.
 1 APPPATH\Views\news.php(6): CodeIgniter\Debug\Exceptions->errorHandler()
 2 SYSTEMPATH\View\View.php(234): include('C:\\xampp\\htdocs\\ci-news\\app\\Views\\news.php')
 3 SYSTEMPATH\View\View.php(237): CodeIgniter\View\View->CodeIgniter\View\{closure}()
 4 SYSTEMPATH\Common.php(1171): CodeIgniter\View\View->render()
 5 APPPATH\Controllers\news.php(7): view()
 6 SYSTEMPATH\CodeIgniter.php(933): App\Controllers\News->index()
 7 SYSTEMPATH\CodeIgniter.php(509): CodeIgniter\CodeIgniter->runController()
 8 SYSTEMPATH\CodeIgniter.php(355): CodeIgniter\CodeIgniter->handleRequest()
 9 SYSTEMPATH\Boot.php(312): CodeIgniter\CodeIgniter->run()
10 SYSTEMPATH\Boot.php(67): CodeIgniter\Boot::runCodeIgniter()
11 FCPATH\index.php(56): CodeIgniter\Boot::bootWeb()
12 SYSTEMPATH\Commands\Server\rewrite.php(49): require_once('C:\\xampp\\htdocs\\ci-news\\public\\index.php')
ERROR - 2024-04-29 14:04:28 --> mysqli_sql_exception: Duplicate column name 'slug' in C:\xampp\htdocs\ci-news\vendor\codeigniter4\framework\system\Database\MySQLi\Connection.php:308
Stack trace:
#0 C:\xampp\htdocs\ci-news\vendor\codeigniter4\framework\system\Database\MySQLi\Connection.php(308): mysqli->query()
#1 C:\xampp\htdocs\ci-news\vendor\codeigniter4\framework\system\Database\BaseConnection.php(722): CodeIgniter\Database\MySQLi\Connection->execute()
#2 C:\xampp\htdocs\ci-news\vendor\codeigniter4\framework\system\Database\BaseConnection.php(636): CodeIgniter\Database\BaseConnection->simpleQuery()
#3 C:\xampp\htdocs\ci-news\vendor\codeigniter4\framework\system\Database\Forge.php(772): CodeIgniter\Database\BaseConnection->query()
#4 C:\xampp\htdocs\ci-news\app\Database\Migrations\2024-04-29-140322_AlterNews.php(9): CodeIgniter\Database\Forge->addColumn()
#5 C:\xampp\htdocs\ci-news\vendor\codeigniter4\framework\system\Database\MigrationRunner.php(867): App\Database\Migrations\AlterNews->up()
#6 C:\xampp\htdocs\ci-news\vendor\codeigniter4\framework\system\Database\MigrationRunner.php(183): CodeIgniter\Database\MigrationRunner->migrate()
#7 C:\xampp\htdocs\ci-news\vendor\codeigniter4\framework\system\Commands\Database\Migrate.php(85): CodeIgniter\Database\MigrationRunner->latest()
#8 C:\xampp\htdocs\ci-news\vendor\codeigniter4\framework\system\CLI\Commands.php(70): CodeIgniter\Commands\Database\Migrate->run()
#9 C:\xampp\htdocs\ci-news\vendor\codeigniter4\framework\system\CLI\Console.php(48): CodeIgniter\CLI\Commands->run()
#10 C:\xampp\htdocs\ci-news\vendor\codeigniter4\framework\system\Boot.php(338): CodeIgniter\CLI\Console->run()
#11 C:\xampp\htdocs\ci-news\vendor\codeigniter4\framework\system\Boot.php(104): CodeIgniter\Boot::runCommand()
#12 C:\xampp\htdocs\ci-news\spark(84): CodeIgniter\Boot::bootSpark()
#13 {main}
ERROR - 2024-04-29 14:06:19 --> mysqli_sql_exception: Duplicate entry 'codeigniter-intro' for key 'slug' in C:\xampp\htdocs\ci-news\vendor\codeigniter4\framework\system\Database\MySQLi\Connection.php:308
Stack trace:
#0 C:\xampp\htdocs\ci-news\vendor\codeigniter4\framework\system\Database\MySQLi\Connection.php(308): mysqli->query()
#1 C:\xampp\htdocs\ci-news\vendor\codeigniter4\framework\system\Database\BaseConnection.php(722): CodeIgniter\Database\MySQLi\Connection->execute()
#2 C:\xampp\htdocs\ci-news\vendor\codeigniter4\framework\system\Database\BaseConnection.php(636): CodeIgniter\Database\BaseConnection->simpleQuery()
#3 C:\xampp\htdocs\ci-news\vendor\codeigniter4\framework\system\Database\BaseBuilder.php(2325): CodeIgniter\Database\BaseConnection->query()
#4 C:\xampp\htdocs\ci-news\app\Database\Seeds\News.php(30): CodeIgniter\Database\BaseBuilder->insert()
#5 C:\xampp\htdocs\ci-news\vendor\codeigniter4\framework\system\Database\Seeder.php(147): App\Database\Seeds\News->run()
#6 C:\xampp\htdocs\ci-news\vendor\codeigniter4\framework\system\Commands\Database\Seed.php(79): CodeIgniter\Database\Seeder->call()
#7 C:\xampp\htdocs\ci-news\vendor\codeigniter4\framework\system\CLI\Commands.php(70): CodeIgniter\Commands\Database\Seed->run()
#8 C:\xampp\htdocs\ci-news\vendor\codeigniter4\framework\system\CLI\Console.php(48): CodeIgniter\CLI\Commands->run()
#9 C:\xampp\htdocs\ci-news\vendor\codeigniter4\framework\system\Boot.php(338): CodeIgniter\CLI\Console->run()
#10 C:\xampp\htdocs\ci-news\vendor\codeigniter4\framework\system\Boot.php(104): CodeIgniter\Boot::runCommand()
#11 C:\xampp\htdocs\ci-news\spark(84): CodeIgniter\Boot::bootSpark()
#12 {main}
CRITICAL - 2024-04-29 14:06:46 --> ErrorException: Undefined variable $newses
[Method: GET, Route: news]
in APPPATH\Views\news.php on line 6.
 1 APPPATH\Views\news.php(6): CodeIgniter\Debug\Exceptions->errorHandler()
 2 SYSTEMPATH\View\View.php(234): include('C:\\xampp\\htdocs\\ci-news\\app\\Views\\news.php')
 3 SYSTEMPATH\View\View.php(237): CodeIgniter\View\View->CodeIgniter\View\{closure}()
 4 SYSTEMPATH\Common.php(1171): CodeIgniter\View\View->render()
 5 APPPATH\Controllers\news.php(7): view()
 6 SYSTEMPATH\CodeIgniter.php(933): App\Controllers\News->index()
 7 SYSTEMPATH\CodeIgniter.php(509): CodeIgniter\CodeIgniter->runController()
 8 SYSTEMPATH\CodeIgniter.php(355): CodeIgniter\CodeIgniter->handleRequest()
 9 SYSTEMPATH\Boot.php(312): CodeIgniter\CodeIgniter->run()
10 SYSTEMPATH\Boot.php(67): CodeIgniter\Boot::runCodeIgniter()
11 FCPATH\index.php(56): CodeIgniter\Boot::bootWeb()
12 SYSTEMPATH\Commands\Server\rewrite.php(49): require_once('C:\\xampp\\htdocs\\ci-news\\public\\index.php')
CRITICAL - 2024-04-29 14:28:28 --> ErrorException: Undefined variable $newses
[Method: GET, Route: news]
in APPPATH\Views\news.php on line 6.
 1 APPPATH\Views\news.php(6): CodeIgniter\Debug\Exceptions->errorHandler()
 2 SYSTEMPATH\View\View.php(234): include('C:\\xampp\\htdocs\\ci-news\\app\\Views\\news.php')
 3 SYSTEMPATH\View\View.php(237): CodeIgniter\View\View->CodeIgniter\View\{closure}()
 4 SYSTEMPATH\Common.php(1171): CodeIgniter\View\View->render()
 5 APPPATH\Controllers\news.php(7): view()
 6 SYSTEMPATH\CodeIgniter.php(933): App\Controllers\News->index()
 7 SYSTEMPATH\CodeIgniter.php(509): CodeIgniter\CodeIgniter->runController()
 8 SYSTEMPATH\CodeIgniter.php(355): CodeIgniter\CodeIgniter->handleRequest()
 9 SYSTEMPATH\Boot.php(312): CodeIgniter\CodeIgniter->run()
10 SYSTEMPATH\Boot.php(67): CodeIgniter\Boot::runCodeIgniter()
11 FCPATH\index.php(56): CodeIgniter\Boot::bootWeb()
12 SYSTEMPATH\Commands\Server\rewrite.php(49): require_once('C:\\xampp\\htdocs\\ci-news\\public\\index.php')
CRITICAL - 2024-04-29 14:28:34 --> ErrorException: Undefined variable $newses
[Method: GET, Route: news]
in APPPATH\Views\news.php on line 6.
 1 APPPATH\Views\news.php(6): CodeIgniter\Debug\Exceptions->errorHandler()
 2 SYSTEMPATH\View\View.php(234): include('C:\\xampp\\htdocs\\ci-news\\app\\Views\\news.php')
 3 SYSTEMPATH\View\View.php(237): CodeIgniter\View\View->CodeIgniter\View\{closure}()
 4 SYSTEMPATH\Common.php(1171): CodeIgniter\View\View->render()
 5 APPPATH\Controllers\news.php(7): view()
 6 SYSTEMPATH\CodeIgniter.php(933): App\Controllers\News->index()
 7 SYSTEMPATH\CodeIgniter.php(509): CodeIgniter\CodeIgniter->runController()
 8 SYSTEMPATH\CodeIgniter.php(355): CodeIgniter\CodeIgniter->handleRequest()
 9 SYSTEMPATH\Boot.php(312): CodeIgniter\CodeIgniter->run()
10 SYSTEMPATH\Boot.php(67): CodeIgniter\Boot::runCodeIgniter()
11 FCPATH\index.php(56): CodeIgniter\Boot::bootWeb()
12 SYSTEMPATH\Commands\Server\rewrite.php(49): require_once('C:\\xampp\\htdocs\\ci-news\\public\\index.php')
CRITICAL - 2024-04-29 14:36:29 --> ErrorException: Undefined array key "created_at"
[Method: GET, Route: admin/news]
in APPPATH\Views\admin_list_news.php on line 20.
 1 APPPATH\Views\admin_list_news.php(20): CodeIgniter\Debug\Exceptions->errorHandler()
 2 SYSTEMPATH\View\View.php(234): include('C:\\xampp\\htdocs\\ci-news\\app\\Views\\admin_list_news.php')
 3 SYSTEMPATH\View\View.php(237): CodeIgniter\View\View->CodeIgniter\View\{closure}()
 4 SYSTEMPATH\Common.php(1171): CodeIgniter\View\View->render()
 5 APPPATH\Controllers\NewsAdmin.php(12): view()
 6 SYSTEMPATH\CodeIgniter.php(933): App\Controllers\NewsAdmin->index()
 7 SYSTEMPATH\CodeIgniter.php(509): CodeIgniter\CodeIgniter->runController()
 8 SYSTEMPATH\CodeIgniter.php(355): CodeIgniter\CodeIgniter->handleRequest()
 9 SYSTEMPATH\Boot.php(312): CodeIgniter\CodeIgniter->run()
10 SYSTEMPATH\Boot.php(67): CodeIgniter\Boot::runCodeIgniter()
11 FCPATH\index.php(56): CodeIgniter\Boot::bootWeb()
12 SYSTEMPATH\Commands\Server\rewrite.php(49): require_once('C:\\xampp\\htdocs\\ci-news\\public\\index.php')
